2024-11-06 21:12:25,028 - INFO - 
=== Starting processing ===
Time since start: 00:00:00.00
Time since last checkpoint: 00:00:00.00
Current memory usage: 94.4 MB
Memory change: 0 Bytes
CPU Usage: 34.1%
Timestamp: 2024-11-06 21:12:25

2024-11-06 21:12:25,029 - INFO - Found 561 case 1 files
2024-11-06 21:12:25,030 - INFO - Found 0 case 2 files: []
2024-11-06 21:12:26,031 - INFO - 
=== After file scanning ===
Time since start: 00:00:01.00
Time since last checkpoint: 00:00:01.00
Current memory usage: 94.4 MB
Memory change: 0 Bytes
CPU Usage: 27.8%
Timestamp: 2024-11-06 21:12:26

2024-11-06 21:12:27,062 - INFO - Loaded sequence dictionary from /home/nazif/thesis/data/pyensembl/GRCh37/ensembl75/Homo_sapiens.GRCh37.75.cdna.all.fa.gz.pickle
2024-11-06 21:12:27,151 - INFO - Loaded sequence dictionary from /home/nazif/thesis/data/pyensembl/GRCh37/ensembl75/Homo_sapiens.GRCh37.75.ncrna.fa.gz.pickle
2024-11-06 21:12:27,286 - INFO - Loaded sequence dictionary from /home/nazif/thesis/data/pyensembl/GRCh37/ensembl75/Homo_sapiens.GRCh37.75.pep.all.fa.gz.pickle
2024-11-06 21:12:28,289 - INFO - 
=== After pyensembl import ===
Time since start: 00:00:03.26
Time since last checkpoint: 00:00:02.26
Current memory usage: 548.4 MB
Memory change: 454.0 MB
CPU Usage: 56.6%
Timestamp: 2024-11-06 21:12:28

2024-11-06 21:12:32,800 - INFO - 
=== Processed 10/561 files ===
Time since start: 00:00:07.77
Time since last checkpoint: 00:00:04.51
Current memory usage: 926.4 MB
Memory change: 832.0 MB
CPU Usage: 4.4%
Timestamp: 2024-11-06 21:12:32

2024-11-06 21:12:36,355 - INFO - 
=== Processed 20/561 files ===
Time since start: 00:00:11.33
Time since last checkpoint: 00:00:03.56
Current memory usage: 1.3 GB
Memory change: 1.2 GB
CPU Usage: 6.7%
Timestamp: 2024-11-06 21:12:36

2024-11-06 21:12:38,696 - INFO - 
=== Processed 30/561 files ===
Time since start: 00:00:13.67
Time since last checkpoint: 00:00:02.34
Current memory usage: 1.5 GB
Memory change: 1.4 GB
CPU Usage: 6.1%
Timestamp: 2024-11-06 21:12:38

2024-11-06 21:12:43,112 - INFO - 
=== Processed 40/561 files ===
Time since start: 00:00:18.08
Time since last checkpoint: 00:00:04.42
Current memory usage: 2.0 GB
Memory change: 1.9 GB
CPU Usage: 5.7%
Timestamp: 2024-11-06 21:12:43

2024-11-06 21:12:45,569 - INFO - 
=== Processed 50/561 files ===
Time since start: 00:00:20.54
Time since last checkpoint: 00:00:02.46
Current memory usage: 2.2 GB
Memory change: 2.1 GB
CPU Usage: 4.5%
Timestamp: 2024-11-06 21:12:45

2024-11-06 21:12:49,069 - INFO - 
=== Processed 60/561 files ===
Time since start: 00:00:24.04
Time since last checkpoint: 00:00:03.50
Current memory usage: 2.5 GB
Memory change: 2.5 GB
CPU Usage: 5.9%
Timestamp: 2024-11-06 21:12:49

2024-11-06 21:12:51,908 - INFO - 
=== Processed 70/561 files ===
Time since start: 00:00:26.88
Time since last checkpoint: 00:00:02.84
Current memory usage: 2.8 GB
Memory change: 2.7 GB
CPU Usage: 6.4%
Timestamp: 2024-11-06 21:12:51

2024-11-06 21:12:55,102 - INFO - 
=== Processed 80/561 files ===
Time since start: 00:00:30.07
Time since last checkpoint: 00:00:03.19
Current memory usage: 3.2 GB
Memory change: 3.1 GB
CPU Usage: 5.9%
Timestamp: 2024-11-06 21:12:55

2024-11-06 21:12:57,452 - INFO - 
=== Processed 90/561 files ===
Time since start: 00:00:32.42
Time since last checkpoint: 00:00:02.35
Current memory usage: 3.4 GB
Memory change: 3.3 GB
CPU Usage: 13.7%
Timestamp: 2024-11-06 21:12:57

2024-11-06 21:13:00,254 - INFO - 
=== Processed 100/561 files ===
Time since start: 00:00:35.23
Time since last checkpoint: 00:00:02.80
Current memory usage: 3.6 GB
Memory change: 3.5 GB
CPU Usage: 12.9%
Timestamp: 2024-11-06 21:13:00

2024-11-06 21:13:02,780 - INFO - 
=== Processed 110/561 files ===
Time since start: 00:00:37.75
Time since last checkpoint: 00:00:02.53
Current memory usage: 3.9 GB
Memory change: 3.8 GB
CPU Usage: 6.4%
Timestamp: 2024-11-06 21:13:02

2024-11-06 21:13:07,438 - INFO - 
=== Processed 120/561 files ===
Time since start: 00:00:42.41
Time since last checkpoint: 00:00:04.66
Current memory usage: 4.3 GB
Memory change: 4.2 GB
CPU Usage: 50.0%
Timestamp: 2024-11-06 21:13:07

2024-11-06 21:13:10,437 - INFO - 
=== Processed 130/561 files ===
Time since start: 00:00:45.41
Time since last checkpoint: 00:00:03.00
Current memory usage: 4.6 GB
Memory change: 4.5 GB
CPU Usage: 22.2%
Timestamp: 2024-11-06 21:13:10

2024-11-06 21:13:13,788 - INFO - 
=== Processed 140/561 files ===
Time since start: 00:00:48.76
Time since last checkpoint: 00:00:03.35
Current memory usage: 4.8 GB
Memory change: 4.7 GB
CPU Usage: 19.5%
Timestamp: 2024-11-06 21:13:13

2024-11-06 21:13:16,709 - INFO - 
=== Processed 150/561 files ===
Time since start: 00:00:51.68
Time since last checkpoint: 00:00:02.92
Current memory usage: 5.0 GB
Memory change: 4.9 GB
CPU Usage: 24.3%
Timestamp: 2024-11-06 21:13:16

2024-11-06 21:13:21,128 - INFO - 
=== Processed 160/561 files ===
Time since start: 00:00:56.10
Time since last checkpoint: 00:00:04.42
Current memory usage: 5.5 GB
Memory change: 5.4 GB
CPU Usage: 13.0%
Timestamp: 2024-11-06 21:13:21

2024-11-06 21:13:24,198 - INFO - 
=== Processed 170/561 files ===
Time since start: 00:00:59.17
Time since last checkpoint: 00:00:03.07
Current memory usage: 5.7 GB
Memory change: 5.6 GB
CPU Usage: 9.0%
Timestamp: 2024-11-06 21:13:24

2024-11-06 21:13:28,995 - INFO - 
=== Processed 180/561 files ===
Time since start: 00:01:03.97
Time since last checkpoint: 00:00:04.80
Current memory usage: 6.1 GB
Memory change: 6.0 GB
CPU Usage: 17.0%
Timestamp: 2024-11-06 21:13:28

2024-11-06 21:13:33,079 - INFO - 
=== Processed 190/561 files ===
Time since start: 00:01:08.05
Time since last checkpoint: 00:00:04.08
Current memory usage: 6.4 GB
Memory change: 6.3 GB
CPU Usage: 4.3%
Timestamp: 2024-11-06 21:13:33

2024-11-06 21:13:35,076 - INFO - 
=== Processed 200/561 files ===
Time since start: 00:01:10.05
Time since last checkpoint: 00:00:02.00
Current memory usage: 6.5 GB
Memory change: 6.5 GB
CPU Usage: 4.3%
Timestamp: 2024-11-06 21:13:35

2024-11-06 21:13:37,767 - INFO - 
=== Processed 210/561 files ===
Time since start: 00:01:12.74
Time since last checkpoint: 00:00:02.69
Current memory usage: 6.8 GB
Memory change: 6.7 GB
CPU Usage: 8.1%
Timestamp: 2024-11-06 21:13:37

2024-11-06 21:13:41,239 - INFO - 
=== Processed 220/561 files ===
Time since start: 00:01:16.21
Time since last checkpoint: 00:00:03.47
Current memory usage: 7.0 GB
Memory change: 6.9 GB
CPU Usage: 5.9%
Timestamp: 2024-11-06 21:13:41

2024-11-06 21:13:45,987 - INFO - 
=== Processed 230/561 files ===
Time since start: 00:01:20.96
Time since last checkpoint: 00:00:04.75
Current memory usage: 7.5 GB
Memory change: 7.4 GB
CPU Usage: 27.6%
Timestamp: 2024-11-06 21:13:45

2024-11-06 21:13:49,797 - INFO - 
=== Processed 240/561 files ===
Time since start: 00:01:24.77
Time since last checkpoint: 00:00:03.81
Current memory usage: 7.8 GB
Memory change: 7.7 GB
CPU Usage: 11.5%
Timestamp: 2024-11-06 21:13:49

2024-11-06 21:13:52,832 - INFO - 
=== Processed 250/561 files ===
Time since start: 00:01:27.80
Time since last checkpoint: 00:00:03.03
Current memory usage: 8.1 GB
Memory change: 8.0 GB
CPU Usage: 10.7%
Timestamp: 2024-11-06 21:13:52

2024-11-06 21:13:55,616 - INFO - 
=== Processed 260/561 files ===
Time since start: 00:01:30.59
Time since last checkpoint: 00:00:02.78
Current memory usage: 8.3 GB
Memory change: 8.2 GB
CPU Usage: 6.9%
Timestamp: 2024-11-06 21:13:55

2024-11-06 21:13:58,250 - INFO - 
=== Processed 270/561 files ===
Time since start: 00:01:33.22
Time since last checkpoint: 00:00:02.63
Current memory usage: 8.5 GB
Memory change: 8.4 GB
CPU Usage: 14.9%
Timestamp: 2024-11-06 21:13:58

2024-11-06 21:14:01,831 - INFO - 
=== Processed 280/561 files ===
Time since start: 00:01:36.80
Time since last checkpoint: 00:00:03.58
Current memory usage: 8.7 GB
Memory change: 8.6 GB
CPU Usage: 9.6%
Timestamp: 2024-11-06 21:14:01

2024-11-06 21:14:09,633 - INFO - 
=== Processed 290/561 files ===
Time since start: 00:01:44.60
Time since last checkpoint: 00:00:07.80
Current memory usage: 9.6 GB
Memory change: 9.5 GB
CPU Usage: 5.8%
Timestamp: 2024-11-06 21:14:09

2024-11-06 21:14:17,524 - INFO - 
=== Processed 300/561 files ===
Time since start: 00:01:52.50
Time since last checkpoint: 00:00:07.89
Current memory usage: 10.4 GB
Memory change: 10.3 GB
CPU Usage: 9.4%
Timestamp: 2024-11-06 21:14:17

2024-11-06 21:14:20,573 - INFO - 
=== Processed 310/561 files ===
Time since start: 00:01:55.54
Time since last checkpoint: 00:00:03.05
Current memory usage: 10.6 GB
Memory change: 10.5 GB
CPU Usage: 13.9%
Timestamp: 2024-11-06 21:14:20

2024-11-06 21:14:24,617 - INFO - 
=== Processed 320/561 files ===
Time since start: 00:01:59.59
Time since last checkpoint: 00:00:04.04
Current memory usage: 10.9 GB
Memory change: 10.8 GB
CPU Usage: 16.0%
Timestamp: 2024-11-06 21:14:24

2024-11-06 21:14:27,868 - INFO - 
=== Processed 330/561 files ===
Time since start: 00:02:02.84
Time since last checkpoint: 00:00:03.25
Current memory usage: 11.1 GB
Memory change: 11.0 GB
CPU Usage: 32.3%
Timestamp: 2024-11-06 21:14:27

2024-11-06 21:14:32,218 - INFO - 
=== Processed 340/561 files ===
Time since start: 00:02:07.19
Time since last checkpoint: 00:00:04.35
Current memory usage: 11.3 GB
Memory change: 11.2 GB
CPU Usage: 16.3%
Timestamp: 2024-11-06 21:14:32

2024-11-06 21:14:35,909 - INFO - 
=== Processed 350/561 files ===
Time since start: 00:02:10.88
Time since last checkpoint: 00:00:03.69
Current memory usage: 11.4 GB
Memory change: 11.3 GB
CPU Usage: 15.3%
Timestamp: 2024-11-06 21:14:35

2024-11-06 21:14:40,568 - INFO - 
=== Processed 360/561 files ===
Time since start: 00:02:15.54
Time since last checkpoint: 00:00:04.66
Current memory usage: 11.5 GB
Memory change: 11.4 GB
CPU Usage: 13.1%
Timestamp: 2024-11-06 21:14:40

2024-11-06 21:14:44,384 - INFO - 
=== Processed 370/561 files ===
Time since start: 00:02:19.36
Time since last checkpoint: 00:00:03.82
Current memory usage: 11.5 GB
Memory change: 11.4 GB
CPU Usage: 8.0%
Timestamp: 2024-11-06 21:14:44

2024-11-06 21:14:49,458 - INFO - 
=== Processed 380/561 files ===
Time since start: 00:02:24.43
Time since last checkpoint: 00:00:05.07
Current memory usage: 11.4 GB
Memory change: 11.3 GB
CPU Usage: 5.2%
Timestamp: 2024-11-06 21:14:49

2024-11-06 21:14:54,039 - INFO - 
=== Processed 390/561 files ===
Time since start: 00:02:29.01
Time since last checkpoint: 00:00:04.58
Current memory usage: 11.4 GB
Memory change: 11.4 GB
CPU Usage: 7.8%
Timestamp: 2024-11-06 21:14:54

2024-11-06 21:14:58,691 - INFO - 
=== Processed 400/561 files ===
Time since start: 00:02:33.66
Time since last checkpoint: 00:00:04.65
Current memory usage: 11.4 GB
Memory change: 11.3 GB
CPU Usage: 9.2%
Timestamp: 2024-11-06 21:14:58

2024-11-06 21:15:02,541 - INFO - 
=== Processed 410/561 files ===
Time since start: 00:02:37.51
Time since last checkpoint: 00:00:03.85
Current memory usage: 11.4 GB
Memory change: 11.3 GB
CPU Usage: 13.0%
Timestamp: 2024-11-06 21:15:02

2024-11-06 21:15:08,922 - INFO - 
=== Processed 420/561 files ===
Time since start: 00:02:43.89
Time since last checkpoint: 00:00:06.38
Current memory usage: 11.3 GB
Memory change: 11.3 GB
CPU Usage: 16.1%
Timestamp: 2024-11-06 21:15:08

2024-11-06 21:15:14,087 - INFO - 
=== Processed 430/561 files ===
Time since start: 00:02:49.06
Time since last checkpoint: 00:00:05.16
Current memory usage: 11.4 GB
Memory change: 11.3 GB
CPU Usage: 14.8%
Timestamp: 2024-11-06 21:15:14

2024-11-06 21:15:23,461 - INFO - 
=== Processed 440/561 files ===
Time since start: 00:02:58.43
Time since last checkpoint: 00:00:09.37
Current memory usage: 11.0 GB
Memory change: 10.9 GB
CPU Usage: 9.1%
Timestamp: 2024-11-06 21:15:23

2024-11-06 21:15:29,389 - INFO - 
=== Processed 450/561 files ===
Time since start: 00:03:04.36
Time since last checkpoint: 00:00:05.93
Current memory usage: 10.8 GB
Memory change: 10.7 GB
CPU Usage: 20.1%
Timestamp: 2024-11-06 21:15:29

2024-11-06 21:15:34,957 - INFO - 
=== Processed 460/561 files ===
Time since start: 00:03:09.93
Time since last checkpoint: 00:00:05.57
Current memory usage: 10.8 GB
Memory change: 10.7 GB
CPU Usage: 19.2%
Timestamp: 2024-11-06 21:15:34

2024-11-06 21:15:41,138 - INFO - 
=== Processed 470/561 files ===
Time since start: 00:03:16.11
Time since last checkpoint: 00:00:06.18
Current memory usage: 10.5 GB
Memory change: 10.4 GB
CPU Usage: 13.8%
Timestamp: 2024-11-06 21:15:41

2024-11-06 21:15:45,363 - INFO - 
=== Processed 480/561 files ===
Time since start: 00:03:20.33
Time since last checkpoint: 00:00:04.22
Current memory usage: 10.5 GB
Memory change: 10.4 GB
CPU Usage: 14.4%
Timestamp: 2024-11-06 21:15:45

2024-11-06 21:15:49,067 - INFO - 
=== Processed 490/561 files ===
Time since start: 00:03:24.04
Time since last checkpoint: 00:00:03.70
Current memory usage: 10.8 GB
Memory change: 10.7 GB
CPU Usage: 9.6%
Timestamp: 2024-11-06 21:15:49

2024-11-06 21:15:58,620 - INFO - 
=== Processed 500/561 files ===
Time since start: 00:03:33.59
Time since last checkpoint: 00:00:09.55
Current memory usage: 11.5 GB
Memory change: 11.4 GB
CPU Usage: 16.8%
Timestamp: 2024-11-06 21:15:58

2024-11-06 21:16:02,313 - INFO - 
=== Processed 510/561 files ===
Time since start: 00:03:37.28
Time since last checkpoint: 00:00:03.69
Current memory usage: 11.7 GB
Memory change: 11.6 GB
CPU Usage: 12.5%
Timestamp: 2024-11-06 21:16:02

2024-11-06 21:16:05,971 - INFO - 
=== Processed 520/561 files ===
Time since start: 00:03:40.94
Time since last checkpoint: 00:00:03.66
Current memory usage: 12.0 GB
Memory change: 11.9 GB
CPU Usage: 14.6%
Timestamp: 2024-11-06 21:16:05

2024-11-06 21:16:14,325 - INFO - 
=== Processed 530/561 files ===
Time since start: 00:03:49.30
Time since last checkpoint: 00:00:08.35
Current memory usage: 11.9 GB
Memory change: 11.8 GB
CPU Usage: 19.5%
Timestamp: 2024-11-06 21:16:14

2024-11-06 21:16:26,750 - INFO - 
=== Processed 540/561 files ===
Time since start: 00:04:01.72
Time since last checkpoint: 00:00:12.43
Current memory usage: 12.3 GB
Memory change: 12.2 GB
CPU Usage: 18.7%
Timestamp: 2024-11-06 21:16:26

2024-11-06 21:16:31,332 - INFO - 
=== Processed 550/561 files ===
Time since start: 00:04:06.30
Time since last checkpoint: 00:00:04.58
Current memory usage: 12.2 GB
Memory change: 12.1 GB
CPU Usage: 10.2%
Timestamp: 2024-11-06 21:16:31

2024-11-06 21:16:38,820 - INFO - 
=== Processed 560/561 files ===
Time since start: 00:04:13.79
Time since last checkpoint: 00:00:07.49
Current memory usage: 11.7 GB
Memory change: 11.7 GB
CPU Usage: 23.2%
Timestamp: 2024-11-06 21:16:38

2024-11-06 21:16:39,976 - INFO - 
=== Before concatenation ===
Time since start: 00:04:14.95
Time since last checkpoint: 00:00:01.16
Current memory usage: 11.8 GB
Memory change: 11.7 GB
CPU Usage: 17.6%
Timestamp: 2024-11-06 21:16:39

2024-11-06 21:18:34,818 - INFO - 
=== Starting processing ===
Time since start: 00:00:00.00
Time since last checkpoint: 00:00:00.00
Current memory usage: 93.4 MB
Memory change: 0 Bytes
CPU Usage: 2.4%
Timestamp: 2024-11-06 21:18:34

2024-11-06 21:18:34,819 - INFO - Found 561 case 1 files
2024-11-06 21:18:34,820 - INFO - Found 0 case 2 files: []
2024-11-06 21:18:35,821 - INFO - 
=== After file scanning ===
Time since start: 00:00:01.00
Time since last checkpoint: 00:00:01.00
Current memory usage: 93.6 MB
Memory change: 131.1 kB
CPU Usage: 2.6%
Timestamp: 2024-11-06 21:18:35

2024-11-06 21:18:36,768 - INFO - Loaded sequence dictionary from /home/nazif/thesis/data/pyensembl/GRCh37/ensembl75/Homo_sapiens.GRCh37.75.cdna.all.fa.gz.pickle
2024-11-06 21:18:36,844 - INFO - Loaded sequence dictionary from /home/nazif/thesis/data/pyensembl/GRCh37/ensembl75/Homo_sapiens.GRCh37.75.ncrna.fa.gz.pickle
2024-11-06 21:18:36,990 - INFO - Loaded sequence dictionary from /home/nazif/thesis/data/pyensembl/GRCh37/ensembl75/Homo_sapiens.GRCh37.75.pep.all.fa.gz.pickle
2024-11-06 21:18:37,993 - INFO - 
=== After pyensembl import ===
Time since start: 00:00:03.18
Time since last checkpoint: 00:00:02.17
Current memory usage: 548.3 MB
Memory change: 454.9 MB
CPU Usage: 4.2%
Timestamp: 2024-11-06 21:18:37

2024-11-06 21:18:37,993 - INFO - Starting step 5 processing...
2024-11-06 21:18:57,306 - ERROR - Critical error: [Errno 2] No such file or directory: 'data/fasta/grch37/Homo_sapiens.GRCh37.dna.chromosome.X.fa'
2024-11-06 21:18:58,307 - INFO - 
=== Process completed ===
Time since start: 00:00:23.49
Time since last checkpoint: 00:00:20.31
Current memory usage: 665.2 MB
Memory change: 571.7 MB
CPU Usage: 17.6%
Timestamp: 2024-11-06 21:18:58

2024-11-06 21:18:58,307 - ERROR - Fatal error: [Errno 2] No such file or directory: 'data/fasta/grch37/Homo_sapiens.GRCh37.dna.chromosome.X.fa'
2024-11-06 21:20:29,073 - INFO - 
=== Starting processing ===
Time since start: 00:00:00.00
Time since last checkpoint: 00:00:00.00
Current memory usage: 94.1 MB
Memory change: 0 Bytes
CPU Usage: 9.2%
Timestamp: 2024-11-06 21:20:29

2024-11-06 21:20:29,078 - INFO - Found 561 case 1 files
2024-11-06 21:20:29,078 - INFO - Found 0 case 2 files: []
2024-11-06 21:20:30,080 - INFO - 
=== After file scanning ===
Time since start: 00:00:01.01
Time since last checkpoint: 00:00:01.01
Current memory usage: 94.2 MB
Memory change: 131.1 kB
CPU Usage: 7.3%
Timestamp: 2024-11-06 21:20:30

2024-11-06 21:20:30,670 - INFO - Loaded sequence dictionary from /home/nazif/thesis/data/pyensembl/GRCh37/ensembl75/Homo_sapiens.GRCh37.75.cdna.all.fa.gz.pickle
2024-11-06 21:20:30,720 - INFO - Loaded sequence dictionary from /home/nazif/thesis/data/pyensembl/GRCh37/ensembl75/Homo_sapiens.GRCh37.75.ncrna.fa.gz.pickle
2024-11-06 21:20:30,818 - INFO - Loaded sequence dictionary from /home/nazif/thesis/data/pyensembl/GRCh37/ensembl75/Homo_sapiens.GRCh37.75.pep.all.fa.gz.pickle
2024-11-06 21:20:31,821 - INFO - 
=== After pyensembl import ===
Time since start: 00:00:02.75
Time since last checkpoint: 00:00:01.74
Current memory usage: 549.1 MB
Memory change: 455.0 MB
CPU Usage: 5.4%
Timestamp: 2024-11-06 21:20:31

2024-11-06 21:20:31,821 - INFO - Starting step 5 processing...
2024-11-06 21:20:57,003 - ERROR - Critical error: 'mutsig'
2024-11-06 21:20:58,005 - INFO - 
=== Process completed ===
Time since start: 00:00:28.93
Time since last checkpoint: 00:00:26.18
Current memory usage: 671.3 MB
Memory change: 577.2 MB
CPU Usage: 27.8%
Timestamp: 2024-11-06 21:20:58

2024-11-06 21:20:58,006 - ERROR - Fatal error: 'mutsig'
2024-11-06 21:22:59,513 - INFO - 
=== Starting processing ===
Time since start: 00:00:00.00
Time since last checkpoint: 00:00:00.00
Current memory usage: 93.8 MB
Memory change: 0 Bytes
CPU Usage: 31.4%
Timestamp: 2024-11-06 21:22:59

2024-11-06 21:22:59,532 - INFO - Found 561 case 1 files
2024-11-06 21:22:59,532 - INFO - Found 0 case 2 files: []
2024-11-06 21:23:00,533 - INFO - 
=== After file scanning ===
Time since start: 00:00:01.02
Time since last checkpoint: 00:00:01.02
Current memory usage: 93.9 MB
Memory change: 131.1 kB
CPU Usage: 36.7%
Timestamp: 2024-11-06 21:23:00

2024-11-06 21:23:06,719 - INFO - Loaded sequence dictionary from /home/nazif/thesis/data/pyensembl/GRCh37/ensembl75/Homo_sapiens.GRCh37.75.cdna.all.fa.gz.pickle
2024-11-06 21:23:07,190 - INFO - Loaded sequence dictionary from /home/nazif/thesis/data/pyensembl/GRCh37/ensembl75/Homo_sapiens.GRCh37.75.ncrna.fa.gz.pickle
2024-11-06 21:23:07,982 - INFO - Loaded sequence dictionary from /home/nazif/thesis/data/pyensembl/GRCh37/ensembl75/Homo_sapiens.GRCh37.75.pep.all.fa.gz.pickle
2024-11-06 21:23:08,992 - INFO - 
=== After pyensembl import ===
Time since start: 00:00:09.48
Time since last checkpoint: 00:00:08.46
Current memory usage: 548.4 MB
Memory change: 454.6 MB
CPU Usage: 23.8%
Timestamp: 2024-11-06 21:23:08

2024-11-06 21:23:08,992 - INFO - Starting step 5 processing...
2024-11-06 22:26:54,814 - INFO - Process interrupted by user
